[DEBUG][081147][thread_stub.c:00041][20180910 15:53:42 986]->in main .
[DEBUG][081519][thread_stub.c:00041][20180910 15:55:54 835]->in main .
[DEBUG][081519][thread_pro.c:00008][20180910 15:55:54 835]->pth_crt .

[DEBUG][081593][thread_stub.c:00041][20180910 15:56:26 942]->in main .
[DEBUG][081593][thread_pro.c:00008][20180910 15:56:26 943]->pth_crt .

[DEBUG][081595][thread_stub.c:00041][20180910 15:56:28 105]->in main .
[DEBUG][081595][thread_pro.c:00008][20180910 15:56:28 105]->pth_crt .

[DEBUG][081609][thread_stub.c:00041][20180910 15:56:28 869]->in main .
[DEBUG][081609][thread_pro.c:00008][20180910 15:56:28 870]->pth_crt .

[DEBUG][081611][thread_stub.c:00041][20180910 15:56:29 550]->in main .
[DEBUG][081611][thread_stub.c:00028][20180910 15:56:29 552]->in func . son pro .
[DEBUG][081611][thread_pro.c:00008][20180910 15:56:29 552]->pth_crt .

[DEBUG][081615][thread_stub.c:00041][20180910 15:56:30 266]->in main .
[DEBUG][081615][thread_pro.c:00008][20180910 15:56:30 266]->pth_crt .

[DEBUG][081617][thread_stub.c:00041][20180910 15:56:30 001]->in main .
[DEBUG][081617][thread_pro.c:00008][20180910 15:56:30 001]->pth_crt .

[DEBUG][081697][thread_stub.c:00041][20180910 15:57:11 516]->in main .
[DEBUG][081697][thread_pro.c:00008][20180910 15:57:11 517]->pth_crt .

[DEBUG][081699][thread_stub.c:00041][20180910 15:57:12 536]->in main .
[DEBUG][081699][thread_pro.c:00008][20180910 15:57:12 537]->pth_crt .

[DEBUG][081701][thread_stub.c:00041][20180910 15:57:13 191]->in main .
[DEBUG][081701][thread_pro.c:00008][20180910 15:57:13 192]->pth_crt .

[DEBUG][081705][thread_stub.c:00041][20180910 15:57:14 975]->in main .
[DEBUG][081705][thread_pro.c:00008][20180910 15:57:14 977]->pth_crt .

[DEBUG][081707][thread_stub.c:00041][20180910 15:57:15 676]->in main .
[DEBUG][081707][thread_stub.c:00028][20180910 15:57:15 677]->in func . son pro .
[DEBUG][081707][thread_pro.c:00008][20180910 15:57:15 679]->pth_crt .

[DEBUG][081709][thread_stub.c:00041][20180910 15:57:16 284]->in main .
[DEBUG][081709][thread_pro.c:00008][20180910 15:57:16 285]->pth_crt .

[DEBUG][081709][thread_stub.c:00028][20180910 15:57:16 286]->in func . son pro .
[DEBUG][081711][thread_stub.c:00041][20180910 15:57:16 953]->in main .
[DEBUG][081711][thread_pro.c:00008][20180910 15:57:16 954]->pth_crt .

[DEBUG][081713][thread_stub.c:00041][20180910 15:57:17 585]->in main .
[DEBUG][081713][thread_stub.c:00028][20180910 15:57:17 586]->in func . son pro .
[DEBUG][081713][thread_pro.c:00008][20180910 15:57:17 586]->pth_crt .

[DEBUG][081717][thread_stub.c:00041][20180910 15:57:18 208]->in main .
[DEBUG][081717][thread_pro.c:00008][20180910 15:57:18 211]->pth_crt .

[DEBUG][081719][thread_stub.c:00041][20180910 15:57:18 778]->in main .
[DEBUG][081719][thread_pro.c:00008][20180910 15:57:18 781]->pth_crt .

[DEBUG][081721][thread_stub.c:00041][20180910 15:57:19 666]->in main .
[DEBUG][081721][thread_stub.c:00028][20180910 15:57:19 666]->in func . son pro .
[DEBUG][081721][thread_pro.c:00008][20180910 15:57:19 668]->pth_crt .

[DEBUG][081723][thread_stub.c:00041][20180910 15:57:20 251]->in main .
[DEBUG][081723][thread_pro.c:00008][20180910 15:57:20 252]->pth_crt .

[DEBUG][081723][thread_stub.c:00028][20180910 15:57:20 253]->in func . son pro .
[DEBUG][081723][thread_stub.c:00028][20180910 15:57:20 253]->in func . son pro .
[DEBUG][081729][thread_stub.c:00041][20180910 15:57:20 879]->in main .
[DEBUG][081729][thread_pro.c:00008][20180910 15:57:20 880]->pth_crt .

[DEBUG][081739][thread_stub.c:00041][20180910 15:57:21 429]->in main .
[DEBUG][081739][thread_stub.c:00028][20180910 15:57:21 430]->in func . son pro .
[DEBUG][081739][thread_pro.c:00008][20180910 15:57:21 432]->pth_crt .

[DEBUG][081743][thread_stub.c:00041][20180910 15:57:22 012]->in main .
[DEBUG][081743][thread_pro.c:00008][20180910 15:57:22 012]->pth_crt .

[DEBUG][081750][thread_stub.c:00041][20180910 15:57:22 719]->in main .
[DEBUG][081750][thread_stub.c:00028][20180910 15:57:22 719]->in func . son pro .
[DEBUG][081750][thread_pro.c:00008][20180910 15:57:22 721]->pth_crt .

[DEBUG][081760][thread_stub.c:00041][20180910 15:57:24 377]->in main .
[DEBUG][081760][thread_pro.c:00008][20180910 15:57:24 379]->pth_crt .

[DEBUG][081760][thread_stub.c:00028][20180910 15:57:24 379]->in func . son pro .
[DEBUG][081760][thread_stub.c:00028][20180910 15:57:24 379]->in func . son pro .
[DEBUG][081762][thread_stub.c:00041][20180910 15:57:25 141]->in main .
[DEBUG][081762][thread_pro.c:00008][20180910 15:57:25 142]->pth_crt .

[DEBUG][081766][thread_stub.c:00041][20180910 15:57:25 819]->in main .
[DEBUG][081766][thread_stub.c:00028][20180910 15:57:25 820]->in func . son pro .
[DEBUG][081766][thread_pro.c:00008][20180910 15:57:25 820]->pth_crt .

[DEBUG][081790][thread_stub.c:00041][20180910 15:57:40 433]->in main .
[DEBUG][081790][thread_pro.c:00008][20180910 15:57:40 435]->pth_crt .

[DEBUG][081790][thread_stub.c:00028][20180910 15:57:40 435]->in func . son pro .
[DEBUG][081806][thread_stub.c:00041][20180910 15:57:42 087]->in main .
[DEBUG][081806][thread_pro.c:00008][20180910 15:57:42 087]->pth_crt .

[DEBUG][081813][thread_stub.c:00041][20180910 15:57:42 836]->in main .
[DEBUG][081813][thread_pro.c:00008][20180910 15:57:42 837]->pth_crt .

[DEBUG][081815][thread_stub.c:00041][20180910 15:57:43 662]->in main .
[DEBUG][081815][thread_pro.c:00008][20180910 15:57:43 663]->pth_crt .

[DEBUG][081815][thread_stub.c:00028][20180910 15:57:43 663]->in func . son pro .
[DEBUG][081817][thread_stub.c:00041][20180910 15:57:45 458]->in main .
[DEBUG][081817][thread_pro.c:00008][20180910 15:57:45 458]->pth_crt .

[DEBUG][081821][thread_stub.c:00041][20180910 15:57:46 462]->in main .
[DEBUG][081821][thread_pro.c:00008][20180910 15:57:46 463]->pth_crt .

[DEBUG][081823][thread_stub.c:00041][20180910 15:57:46 938]->in main .
[DEBUG][081823][thread_pro.c:00008][20180910 15:57:46 938]->pth_crt .

[DEBUG][081825][thread_stub.c:00041][20180910 15:57:47 949]->in main .
[DEBUG][081825][thread_stub.c:00028][20180910 15:57:47 949]->in func . son pro .
[DEBUG][081825][thread_pro.c:00008][20180910 15:57:47 951]->pth_crt .

[DEBUG][081827][thread_stub.c:00041][20180910 15:57:48 355]->in main .
[DEBUG][081827][thread_stub.c:00028][20180910 15:57:48 358]->in func . son pro .
[DEBUG][081827][thread_pro.c:00008][20180910 15:57:48 358]->pth_crt .

[DEBUG][081938][thread_stub.c:00041][20180910 15:58:39 610]->in main .
[DEBUG][081938][thread_pro.c:00008][20180910 15:58:39 610]->pth_crt .

[DEBUG][081947][thread_stub.c:00041][20180910 15:58:42 980]->in main .
[DEBUG][081947][thread_pro.c:00008][20180910 15:58:42 981]->pth_crt .

[DEBUG][081964][thread_stub.c:00041][20180910 15:58:46 353]->in main .
[DEBUG][081964][thread_pro.c:00008][20180910 15:58:46 354]->pth_crt .

[DEBUG][081982][thread_stub.c:00041][20180910 15:58:55 389]->in main .
[DEBUG][081982][thread_pro.c:00008][20180910 15:58:55 390]->pth_crt .

[DEBUG][081984][thread_stub.c:00041][20180910 15:58:56 268]->in main .
[DEBUG][081984][thread_pro.c:00008][20180910 15:58:56 269]->pth_crt .

[DEBUG][081986][thread_stub.c:00041][20180910 15:58:57 236]->in main .
[DEBUG][081986][thread_pro.c:00008][20180910 15:58:57 237]->pth_crt .

[DEBUG][081990][thread_stub.c:00041][20180910 15:58:58 005]->in main .
[DEBUG][081990][thread_pro.c:00008][20180910 15:58:58 008]->pth_crt .

[DEBUG][081994][thread_stub.c:00041][20180910 15:59:02 030]->in main .
[DEBUG][081994][thread_pro.c:00008][20180910 15:59:02 030]->pth_crt .

[DEBUG][082017][thread_stub.c:00041][20180910 15:59:10 133]->in main .
[DEBUG][082017][thread_pro.c:00008][20180910 15:59:10 134]->pth_crt .

[DEBUG][082019][thread_stub.c:00041][20180910 15:59:10 971]->in main .
[DEBUG][082019][thread_stub.c:00028][20180910 15:59:10 972]->in func . son pro .
[DEBUG][082019][thread_pro.c:00008][20180910 15:59:10 974]->pth_crt .

[DEBUG][082021][thread_stub.c:00041][20180910 15:59:11 697]->in main .
[DEBUG][082021][thread_stub.c:00028][20180910 15:59:11 700]->in func . son pro .
[DEBUG][082021][thread_pro.c:00008][20180910 15:59:11 700]->pth_crt .

[DEBUG][082023][thread_stub.c:00041][20180910 15:59:12 345]->in main .
[DEBUG][082023][thread_stub.c:00028][20180910 15:59:12 345]->in func . son pro .
[DEBUG][082023][thread_pro.c:00008][20180910 15:59:12 346]->pth_crt .

[DEBUG][082025][thread_stub.c:00041][20180910 15:59:13 052]->in main .
[DEBUG][082025][thread_pro.c:00008][20180910 15:59:13 054]->pth_crt .

[DEBUG][082027][thread_stub.c:00041][20180910 15:59:13 714]->in main .
[DEBUG][082027][thread_stub.c:00028][20180910 15:59:13 715]->in func . son pro .
[DEBUG][082027][thread_pro.c:00008][20180910 15:59:13 718]->pth_crt .

[DEBUG][082031][thread_stub.c:00041][20180910 15:59:14 337]->in main .
[DEBUG][082031][thread_pro.c:00008][20180910 15:59:14 338]->pth_crt .

[DEBUG][082033][thread_stub.c:00041][20180910 15:59:14 990]->in main .
[DEBUG][082033][thread_pro.c:00008][20180910 15:59:14 991]->pth_crt .

[DEBUG][082049][thread_stub.c:00041][20180910 15:59:18 903]->in main .
[DEBUG][082049][thread_pro.c:00008][20180910 15:59:18 905]->pth_crt .

[DEBUG][082051][thread_stub.c:00041][20180910 15:59:19 441]->in main .
[DEBUG][082051][thread_pro.c:00008][20180910 15:59:19 443]->pth_crt .

[DEBUG][082053][thread_stub.c:00041][20180910 15:59:19 929]->in main .
[DEBUG][082053][thread_pro.c:00008][20180910 15:59:19 930]->pth_crt .

[DEBUG][082055][thread_stub.c:00041][20180910 15:59:20 434]->in main .
[DEBUG][082055][thread_stub.c:00028][20180910 15:59:20 434]->in func . son pro .
[DEBUG][082055][thread_pro.c:00008][20180910 15:59:20 436]->pth_crt .

[DEBUG][082057][thread_stub.c:00041][20180910 15:59:20 962]->in main .
[DEBUG][082057][thread_stub.c:00028][20180910 15:59:20 963]->in func . son pro .
[DEBUG][082057][thread_pro.c:00008][20180910 15:59:20 964]->pth_crt .

[DEBUG][082059][thread_stub.c:00041][20180910 15:59:21 487]->in main .
[DEBUG][082059][thread_stub.c:00028][20180910 15:59:21 488]->in func . son pro .
[DEBUG][082059][thread_pro.c:00008][20180910 15:59:21 489]->pth_crt .

[DEBUG][082063][thread_stub.c:00041][20180910 15:59:21 993]->in main .
[DEBUG][082063][thread_stub.c:00028][20180910 15:59:21 994]->in func . son pro .
[DEBUG][082063][thread_pro.c:00008][20180910 15:59:21 995]->pth_crt .

[DEBUG][082065][thread_stub.c:00041][20180910 15:59:22 500]->in main .
[DEBUG][082065][thread_pro.c:00008][20180910 15:59:22 500]->pth_crt .

[DEBUG][082072][thread_stub.c:00041][20180910 15:59:23 020]->in main .
[DEBUG][082072][thread_pro.c:00008][20180910 15:59:23 023]->pth_crt .

[DEBUG][082082][thread_stub.c:00041][20180910 15:59:23 536]->in main .
[DEBUG][082082][thread_pro.c:00008][20180910 15:59:23 538]->pth_crt .

[DEBUG][082084][thread_stub.c:00041][20180910 15:59:24 128]->in main .
[DEBUG][082084][thread_pro.c:00008][20180910 15:59:24 129]->pth_crt .

[DEBUG][082086][thread_stub.c:00041][20180910 15:59:25 099]->in main .
[DEBUG][082086][thread_stub.c:00028][20180910 15:59:25 099]->in func . son pro .
[DEBUG][082086][thread_pro.c:00008][20180910 15:59:25 101]->pth_crt .

[DEBUG][082090][thread_stub.c:00041][20180910 15:59:25 784]->in main .
[DEBUG][082090][thread_pro.c:00008][20180910 15:59:25 784]->pth_crt .

[DEBUG][082098][thread_stub.c:00041][20180910 15:59:26 414]->in main .
[DEBUG][082098][thread_stub.c:00028][20180910 15:59:26 415]->in func . son pro .
[DEBUG][082098][thread_pro.c:00008][20180910 15:59:26 415]->pth_crt .

[DEBUG][082106][thread_stub.c:00041][20180910 15:59:27 020]->in main .
[DEBUG][082106][thread_pro.c:00008][20180910 15:59:27 021]->pth_crt .

[DEBUG][082112][thread_stub.c:00041][20180910 15:59:35 080]->in main .
[DEBUG][082112][thread_pro.c:00008][20180910 15:59:35 081]->pth_crt .

[DEBUG][082114][thread_stub.c:00041][20180910 15:59:35 604]->in main .
[DEBUG][082114][thread_pro.c:00008][20180910 15:59:35 605]->pth_crt .

[DEBUG][082116][thread_stub.c:00041][20180910 15:59:36 081]->in main .
[DEBUG][082116][thread_pro.c:00008][20180910 15:59:36 084]->pth_crt .

[DEBUG][082120][thread_stub.c:00041][20180910 15:59:36 669]->in main .
[DEBUG][082120][thread_pro.c:00008][20180910 15:59:36 670]->pth_crt .

[DEBUG][082132][thread_stub.c:00041][20180910 15:59:37 323]->in main .
[DEBUG][082132][thread_pro.c:00008][20180910 15:59:37 325]->pth_crt .

[DEBUG][082134][thread_stub.c:00041][20180910 15:59:37 758]->in main .
[DEBUG][082134][thread_pro.c:00008][20180910 15:59:37 759]->pth_crt .

[DEBUG][082138][thread_stub.c:00041][20180910 15:59:38 246]->in main .
[DEBUG][082138][thread_pro.c:00008][20180910 15:59:38 248]->pth_crt .

[DEBUG][082140][thread_stub.c:00041][20180910 15:59:38 690]->in main .
[DEBUG][082140][thread_pro.c:00008][20180910 15:59:38 692]->pth_crt .

[DEBUG][082142][thread_stub.c:00041][20180910 15:59:39 128]->in main .
[DEBUG][082142][thread_stub.c:00028][20180910 15:59:39 131]->in func . son pro .
[DEBUG][082142][thread_pro.c:00008][20180910 15:59:39 131]->pth_crt .

[DEBUG][082148][thread_stub.c:00041][20180910 15:59:39 589]->in main .
[DEBUG][082148][thread_pro.c:00008][20180910 15:59:39 592]->pth_crt .

[DEBUG][082584][thread_stub.c:00041][20180910 16:01:16 156]->in main .
[DEBUG][082584][thread_pro.c:00008][20180910 16:01:16 157]->pth_crt .

[DEBUG][082584][thread_stub.c:00028][20180910 16:01:16 158]->in func . son pro .
[DEBUG][082588][thread_stub.c:00041][20180910 16:01:17 897]->in main .
[DEBUG][082588][thread_pro.c:00008][20180910 16:01:17 897]->pth_crt .

[DEBUG][082588][thread_stub.c:00028][20180910 16:01:17 901]->in func . son pro .
[DEBUG][082600][thread_stub.c:00041][20180910 16:01:21 494]->in main .
[DEBUG][082600][thread_stub.c:00028][20180910 16:01:21 495]->in func . son pro .
[DEBUG][082600][thread_pro.c:00008][20180910 16:01:21 496]->pth_crt .

[DEBUG][082619][thread_stub.c:00041][20180910 16:01:23 785]->in main .
[DEBUG][082619][thread_pro.c:00008][20180910 16:01:23 788]->pth_crt .

[DEBUG][082619][thread_stub.c:00028][20180910 16:01:23 788]->in func . son pro .
[DEBUG][082621][thread_stub.c:00041][20180910 16:01:25 696]->in main .
[DEBUG][082621][thread_pro.c:00008][20180910 16:01:25 696]->pth_crt .

[DEBUG][082621][thread_stub.c:00028][20180910 16:01:25 699]->in func . son pro .
[DEBUG][082625][thread_stub.c:00041][20180910 16:01:27 555]->in main .
[DEBUG][082625][thread_pro.c:00008][20180910 16:01:27 556]->pth_crt .

[DEBUG][082625][thread_stub.c:00028][20180910 16:01:27 561]->in func . son pro .
[DEBUG][082627][thread_stub.c:00041][20180910 16:01:29 364]->in main .
[DEBUG][082627][thread_pro.c:00008][20180910 16:01:29 364]->pth_crt .

[DEBUG][082627][thread_stub.c:00028][20180910 16:01:29 368]->in func . son pro .
[DEBUG][082795][thread_stub.c:00041][20180910 16:02:37 254]->in main .
[DEBUG][082795][thread_stub.c:00028][20180910 16:02:37 258]->in func . son pro .
[DEBUG][082795][thread_pro.c:00008][20180910 16:02:37 258]->pth_crt .

[DEBUG][082803][thread_stub.c:00041][20180910 16:02:38 639]->in main .
[DEBUG][082803][thread_pro.c:00008][20180910 16:02:38 642]->pth_crt .

[DEBUG][082803][thread_stub.c:00028][20180910 16:02:38 642]->in func . son pro .
[DEBUG][082806][thread_stub.c:00041][20180910 16:02:39 528]->in main .
[DEBUG][082806][thread_pro.c:00008][20180910 16:02:39 530]->pth_crt .

[DEBUG][082806][thread_stub.c:00028][20180910 16:02:39 532]->in func . son pro .
[DEBUG][082810][thread_stub.c:00041][20180910 16:02:41 922]->in main .
[DEBUG][082810][thread_pro.c:00008][20180910 16:02:41 925]->pth_crt .

[DEBUG][082810][thread_stub.c:00028][20180910 16:02:41 925]->[DEBUG][082858][thread_stub.c:00041][20180910 16:02:57 973]->in main .
[DEBUG][082858][thread_pro.c:00008][20180910 16:02:57 976]->pth_crt .

[DEBUG][082858][thread_stub.c:00028][20180910 16:02:57 976]->in func . son pro .
[DEBUG][082863][thread_stub.c:00041][20180910 16:02:59 024]->in main .
[DEBUG][082863][thread_pro.c:00008][20180910 16:02:59 026]->pth_crt .

[DEBUG][082863][thread_stub.c:00028][20180910 16:02:59 026]->in func . son pro .
[DEBUG][082865][thread_stub.c:00041][20180910 16:03:00 878]->in main .
[DEBUG][082865][thread_pro.c:00008][20180910 16:03:00 880]->pth_crt .

[DEBUG][082865][thread_stub.c:00028][20180910 16:03:00 881]->in func . son pro .
[DEBUG][082869][thread_stub.c:00041][20180910 16:03:02 732]->in main .
[DEBUG][082869][thread_pro.c:00008][20180910 16:03:02 735]->pth_crt .

[DEBUG][082869][thread_stub.c:00028][20180910 16:03:02 735]->in func . son pro .
[DEBUG][082876][thread_stub.c:00041][20180910 16:03:04 396]->in main .
[DEBUG][082876][thread_pro.c:00008][20180910 16:03:04 398]->pth_crt .

[DEBUG][082876][thread_stub.c:00028][20180910 16:03:04 399]->in func . son pro .
[DEBUG][082892][thread_stub.c:00041][20180910 16:03:06 404]->in main .
[DEBUG][082892][thread_pro.c:00008][20180910 16:03:06 406]->pth_crt .

[DEBUG][082892][thread_stub.c:00028][20180910 16:03:06 406]->in func . son pro .
[DEBUG][082894][thread_stub.c:00041][20180910 16:03:08 219]->in main .
[DEBUG][082894][thread_pro.c:00008][20180910 16:03:08 221]->pth_crt .

[DEBUG][082894][thread_stub.c:00028][20180910 16:03:08 221]->in func . son pro .
[DEBUG][082896][thread_stub.c:00041][20180910 16:03:09 797]->in main .
[DEBUG][082896][thread_pro.c:00008][20180910 16:03:09 799]->pth_crt .

[DEBUG][082896][thread_stub.c:00028][20180910 16:03:09 801]->in func . son pro .
[DEBUG][082900][thread_stub.c:00041][20180910 16:03:12 778]->in main .
[DEBUG][082900][thread_stub.c:00028][20180910 16:03:12 780]->in func . son pro .
[DEBUG][082900][thread_pro.c:00008][20180910 16:03:12 780]->[DEBUG][083566][thread_stub.c:00042][20180910 16:08:19 037]->in main .
[DEBUG][083566][thread_stub.c:00028][20180910 16:08:19 038]->in func . son pro .
[DEBUG][083566][thread_pro.c:00008][20180910 16:08:19 038]->pth_crt .

[DEBUG][083694][thread_stub.c:00042][20180910 16:09:10 925]->in main .
[DEBUG][083694][thread_pro.c:00008][20180910 16:09:10 928]->pth_crt .

[DEBUG][083694][thread_stub.c:00028][20180910 16:09:10 928]->in func . son pro .
[DEBUG][083783][thread_stub.c:00042][20180910 16:09:47 831]->in main .
[DEBUG][083783][thread_pro.c:00008][20180910 16:09:47 833]->pth_crt .

[DEBUG][084013][thread_stub.c:00042][20180910 16:10:47 932]->in main .
[DEBUG][084077][thread_stub.c:00042][20180910 16:11:19 847]->in main .
[DEBUG][084077][thread_pro.c:00008][20180910 16:11:19 850]->pth_crt .

[DEBUG][084077][thread_stub.c:00028][20180910 16:11:19 852]->in func . son pro .
[DEBUG][084194][thread_stub.c:00042][20180910 16:12:11 119]->in main .
[DEBUG][084194][thread_pro.c:00008][20180910 16:12:11 120]->pth_crt .

[DEBUG][084194][thread_stub.c:00028][20180910 16:12:11 121]->in func . son pro .
[DEBUG][084328][thread_stub.c:00042][20180910 16:13:16 834]->in main .
[DEBUG][084328][thread_pro.c:00008][20180910 16:13:16 837]->pth_crt .

[DEBUG][084328][thread_stub.c:00028][20180910 16:13:16 840]->in func . son pro .
[DEBUG][086566][thread_stub.c:00045][20180910 16:29:25 780]->in main .
[DEBUG][086566][thread_pro.c:00008][20180910 16:29:25 780]->pth_crt .

[DEBUG][086566][thread_stub.c:00029][20180910 16:29:25 781]->in func . son pro .
[DEBUG][087265][thread_stub.c:00046][20180910 16:33:29 552]->in main .
[DEBUG][087265][thread_pro.c:00008][20180910 16:33:29 553]->pth_crt .

[DEBUG][087265][thread_stub.c:00029][20180910 16:33:29 555]->in func . son pro .
[DEBUG][087417][thread_stub.c:00046][20180910 16:34:29 556]->in main .
[DEBUG][087417][thread_pro.c:00008][20180910 16:34:29 556]->pth_crt .

[DEBUG][087417][thread_stub.c:00029][20180910 16:34:29 557]->in func . son pro .
[DEBUG][087654][thread_stub.c:00046][20180910 16:36:08 160]->in main .
[DEBUG][087654][thread_pro.c:00008][20180910 16:36:08 162]->pth_crt .

[DEBUG][087654][thread_stub.c:00029][20180910 16:36:08 162]->in func . son pro .
[DEBUG][088327][thread_stub.c:00047][20180910 16:40:30 710]->in main .
[DEBUG][088327][thread_pro.c:00008][20180910 16:40:30 710]->pth_crt .

[DEBUG][088327][thread_stub.c:00030][20180910 16:40:30 713]->in func . son pro .
[DEBUG][088543][thread_stub.c:00047][20180910 16:42:01 353]->in main .
[DEBUG][088543][thread_pro.c:00008][20180910 16:42:01 355]->pth_crt .

[DEBUG][088543][thread_stub.c:00030][20180910 16:42:01 355]->in func . son pro .
[DEBUG][091822][thread_stub.c:00047][20180910 17:05:49 782]->in main .
[DEBUG][091822][thread_stub.c:00030][20180910 17:05:49 783]->in func . son pro .
[DEBUG][091822][thread_pro.c:00008][20180910 17:05:49 785]->pth_crt .

[DEBUG][091865][thread_stub.c:00047][20180910 17:06:05 971]->in main .
[DEBUG][091865][thread_pro.c:00008][20180910 17:06:05 972]->pth_crt .

[DEBUG][091865][thread_stub.c:00030][20180910 17:06:05 972]->in func . son pro .
[DEBUG][093492][thread_stub.c:00045][20180910 17:17:44 193]->in main .
[DEBUG][093492][thread_pro.c:00008][20180910 17:17:44 193]->pth_crt .

[DEBUG][093492][thread_pro.c:00008][20180910 17:17:44 194]->pth_crt .

[DEBUG][094035][thread_stub.c:00058][20180910 17:21:00 333]->in main .
[DEBUG][094035][thread_pro.c:00008][20180910 17:21:00 336]->pth_crt .

[DEBUG][094035][thread_pro.c:00008][20180910 17:21:00 336]->pth_crt .

[DEBUG][094340][thread_stub.c:00065][20180910 17:23:16 406]->in main .
[DEBUG][094340][thread_pro.c:00008][20180910 17:23:16 409]->pth_crt .

[DEBUG][094340][thread_pro.c:00008][20180910 17:23:16 410]->pth_crt .

[DEBUG][094407][thread_stub.c:00067][20180910 17:23:37 832]->in main .
[DEBUG][094407][thread_pro.c:00008][20180910 17:23:37 833]->pth_crt .

[DEBUG][094407][thread_pro.c:00008][20180910 17:23:37 834]->pth_crt .

[DEBUG][094456][thread_stub.c:00067][20180910 17:24:02 114]->in main .
[DEBUG][094456][thread_pro.c:00008][20180910 17:24:02 117]->pth_crt .

[DEBUG][094456][thread_pro.c:00008][20180910 17:24:02 118]->pth_crt .

[DEBUG][094527][thread_stub.c:00067][20180910 17:24:23 033]->in main .
[DEBUG][094527][thread_pro.c:00008][20180910 17:24:23 036]->pth_crt .

[DEBUG][094527][thread_pro.c:00008][20180910 17:24:23 036]->pth_crt .

[DEBUG][094773][thread_stub.c:00069][20180910 17:25:59 044]->in main .
[DEBUG][094773][thread_pro.c:00008][20180910 17:25:59 047]->pth_crt .

[DEBUG][094773][thread_pro.c:00008][20180910 17:25:59 048]->pth_crt .

[DEBUG][099007][thread_stub.c:00110][20180910 17:56:59 846]->in main .
[DEBUG][099007][thread_pro.c:00008][20180910 17:56:59 849]->pth_crt .

[DEBUG][099007][thread_pro.c:00008][20180910 17:56:59 857]->pth_crt .

[DEBUG][099007][thread_pro.c:00008][20180910 17:56:59 857]->pth_crt .

[DEBUG][099222][thread_stub.c:00113][20180910 17:58:42 095]->in main .
[DEBUG][099222][thread_pro.c:00008][20180910 17:58:42 098]->pth_crt .

[DEBUG][099222][thread_pro.c:00008][20180910 17:58:42 098]->pth_crt .

[DEBUG][099222][thread_pro.c:00008][20180910 17:58:42 098]->pth_crt .

[DEBUG][099543][thread_stub.c:00113][20180910 18:00:15 704]->in main .
[DEBUG][099543][thread_pro.c:00008][20180910 18:00:15 705]->pth_crt .

[DEBUG][099543][thread_pro.c:00008][20180910 18:00:15 705]->pth_crt .

[DEBUG][099543][thread_pro.c:00008][20180910 18:00:15 706]->pth_crt .

[DEBUG][099626][thread_stub.c:00113][20180910 18:00:45 828]->in main .
[DEBUG][099626][thread_pro.c:00008][20180910 18:00:45 829]->pth_crt .

[DEBUG][099626][thread_pro.c:00008][20180910 18:00:45 829]->pth_crt .

[DEBUG][099626][thread_pro.c:00008][20180910 18:00:45 829]->pth_crt .

[DEBUG][099917][thread_stub.c:00113][20180910 18:02:04 831]->in main .
[DEBUG][099917][thread_pro.c:00008][20180910 18:02:04 831]->pth_crt .

[DEBUG][099917][thread_pro.c:00008][20180910 18:02:04 831]->pth_crt .

[DEBUG][099917][thread_pro.c:00008][20180910 18:02:04 832]->pth_crt .

[DEBUG][000519][thread_stub.c:00113][20180910 18:04:11 858]->in main .
[DEBUG][000519][thread_pro.c:00008][20180910 18:04:11 858]->pth_crt .

[DEBUG][000519][thread_pro.c:00008][20180910 18:04:11 858]->pth_crt .

[DEBUG][000519][thread_pro.c:00008][20180910 18:04:11 859]->pth_crt .

[DEBUG][001189][thread_stub.c:00116][20180910 18:08:35 455]->in main .
[DEBUG][001189][thread_pro.c:00008][20180910 18:08:35 456]->pth_crt .

[DEBUG][001189][thread_pro.c:00008][20180910 18:08:35 457]->pth_crt .

[DEBUG][001189][thread_pro.c:00008][20180910 18:08:35 457]->pth_crt .

[DEBUG][001815][thread_stub.c:00116][20180910 18:11:26 567]->in main .
[DEBUG][001815][thread_pro.c:00008][20180910 18:11:26 569]->pth_crt .

[DEBUG][001815][thread_pro.c:00008][20180910 18:11:26 570]->pth_crt .

[DEBUG][001815][thread_pro.c:00008][20180910 18:11:26 570]->pth_crt .

[DEBUG][001958][thread_stub.c:00116][20180910 18:12:05 941]->in main .
[DEBUG][001958][thread_pro.c:00008][20180910 18:12:05 944]->pth_crt .

[DEBUG][001958][thread_pro.c:00008][20180910 18:12:05 944]->pth_crt .

[DEBUG][001958][thread_pro.c:00008][20180910 18:12:05 945]->pth_crt .

